\BOOKMARK [1][-]{Section.0.Introduction.1}{Introduction}{}% 1
\BOOKMARK [1][-]{Section.1.Data summary: primary biliary cirrhosis (PBC) data set.1}{Data summary: primary biliary cirrhosis \(PBC\) data set}{}% 2
\BOOKMARK [2][-]{Subsection.2.0.Exploratory data analysis.2}{Exploratory data analysis}{Section.1.Data summary: primary biliary cirrhosis (PBC) data set.1}% 3
\BOOKMARK [2][-]{Subsection.2.1.PBC Model Summary.2}{PBC Model Summary}{Section.1.Data summary: primary biliary cirrhosis (PBC) data set.1}% 4
\BOOKMARK [1][-]{Section.2.Random survival forest.1}{Random survival forest}{}% 5
\BOOKMARK [2][-]{Subsection.3.0.Generalization error.2}{Generalization error}{Section.2.Random survival forest.1}% 6
\BOOKMARK [2][-]{Subsection.3.1.Training Set Prediction.2}{Training Set Prediction}{Section.2.Random survival forest.1}% 7
\BOOKMARK [2][-]{Subsection.3.2.Random forest imputation.2}{Random forest imputation}{Section.2.Random survival forest.1}% 8
\BOOKMARK [2][-]{Subsection.3.3.Test set predictions.2}{Test set predictions}{Section.2.Random survival forest.1}% 9
\BOOKMARK [1][-]{Section.3.Variable selection.1}{Variable selection}{}% 10
\BOOKMARK [2][-]{Subsection.4.0.Variable Importance.2}{Variable Importance}{Section.3.Variable selection.1}% 11
\BOOKMARK [2][-]{Subsection.4.1.Minimal Depth.2}{Minimal Depth}{Section.3.Variable selection.1}% 12
\BOOKMARK [2][-]{Subsection.4.2.Variable selection comparison.2}{Variable selection comparison}{Section.3.Variable selection.1}% 13
\BOOKMARK [1][-]{Section.4.Variable/Response dependence.1}{Variable/Response dependence}{}% 14
\BOOKMARK [2][-]{Subsection.5.0.Variable dependence.2}{Variable dependence}{Section.4.Variable/Response dependence.1}% 15
\BOOKMARK [2][-]{Subsection.5.1.Partial dependence.2}{Partial dependence}{Section.4.Variable/Response dependence.1}% 16
\BOOKMARK [2][-]{Subsection.5.2.Temporal partial dependence.2}{Temporal partial dependence}{Section.4.Variable/Response dependence.1}% 17
\BOOKMARK [1][-]{Section.5.Variable interactions.1}{Variable interactions}{}% 18
\BOOKMARK [1][-]{Section.6.Conditional dependence plots.1}{Conditional dependence plots}{}% 19
\BOOKMARK [2][-]{Subsection.7.0.Partial dependence coplots.2}{Partial dependence coplots}{Section.6.Conditional dependence plots.1}% 20
\BOOKMARK [1][-]{Section.7.Partial plot surfaces.1}{Partial plot surfaces}{}% 21
\BOOKMARK [1][-]{Section.8.Conclusion.1}{Conclusion}{}% 22
\BOOKMARK [2][-]{Subsection.9.0.Computational details.2}{Computational details}{Section.8.Conclusion.1}% 23
\BOOKMARK [2][-]{Subsection.9.1.Acknowledgement.2}{Acknowledgement}{Section.8.Conclusion.1}% 24
